2020-12-03 23:49:21,484:INFO:PyCaret Supervised Module
2020-12-03 23:49:21,484:INFO:ML Usecase: classification
2020-12-03 23:49:21,484:INFO:version 2.2.2
2020-12-03 23:49:21,484:INFO:Initializing setup()
2020-12-03 23:49:21,484:INFO:setup(target=Survived, ml_usecase=classification, available_plots={'parameter': 'Hyperparameters', 'auc': 'AUC', 'confusion_matrix': 'Confusion Matrix', 'threshold': 'Threshold', 'pr': 'Precision Recall', 'error': 'Prediction Error', 'class_report': 'Class Report', 'rfe': 'Feature Selection', 'learning': 'Learning Curve', 'manifold': 'Manifold Learning', 'calibration': 'Calibration Curve', 'vc': 'Validation Curve', 'dimension': 'Dimensions', 'feature': 'Feature Importance', 'feature_all': 'Feature Importance (All)', 'boundary': 'Decision Boundary', 'lift': 'Lift Chart', 'gain': 'Gain Chart', 'tree': 'Decision Tree'}, train_size=0.7, test_data=None, preprocess=True, imputation_type=simple, iterative_imputation_iters=5, categorical_features=None, categorical_imputation=constant, categorical_iterative_imputer=lightgbm, ordinal_features=None, high_cardinality_features=None, high_cardinality_method=frequency, numeric_features=None, numeric_imputation=mean, numeric_iterative_imputer=lightgbm, date_features=None, ignore_features=None, normalize=False, normalize_method=zscore, transformation=False, transformation_method=yeo-johnson, handle_unknown_categorical=True, unknown_categorical_method=least_frequent, pca=False, pca_method=linear, pca_components=None, ignore_low_variance=False, combine_rare_levels=False, rare_level_threshold=0.1, bin_numeric_features=None, remove_outliers=False, outliers_threshold=0.05, remove_multicollinearity=False, multicollinearity_threshold=0.9, remove_perfect_collinearity=True, create_clusters=False, cluster_iter=20, polynomial_features=False, polynomial_degree=2, trigonometry_features=False, polynomial_threshold=0.1, group_features=None, group_names=None, feature_selection=False, feature_selection_threshold=0.8, feature_selection_method=classic, feature_interaction=False, feature_ratio=False, interaction_threshold=0.01, fix_imbalance=False, fix_imbalance_method=None, transform_target=False, transform_target_method=box-cox, data_split_shuffle=True, data_split_stratify=False, fold_strategy=stratifiedkfold, fold=10, fold_shuffle=False, fold_groups=None, n_jobs=-1, use_gpu=False, custom_pipeline=None, html=True, session_id=42, log_experiment=False, experiment_name=None, log_plots=False, log_profile=False, log_data=False, silent=False, verbose=True, profile=False, profile_kwargs=None, display=None)
2020-12-03 23:49:21,484:INFO:Checking environment
2020-12-03 23:49:21,485:INFO:python_version: 3.8.3
2020-12-03 23:49:21,485:INFO:python_build: ('default', 'Jul  2 2020 17:30:36')
2020-12-03 23:49:21,485:INFO:machine: AMD64
2020-12-03 23:49:21,485:INFO:platform: Windows-10-10.0.19041-SP0
2020-12-03 23:49:21,485:INFO:Memory: svmem(total=34287439872, available=24862052352, percent=27.5, used=9425387520, free=24862052352)
2020-12-03 23:49:21,485:INFO:Physical Core: 8
2020-12-03 23:49:21,485:INFO:Logical Core: 16
2020-12-03 23:49:21,485:INFO:Checking libraries
2020-12-03 23:49:21,485:INFO:pd==1.0.5
2020-12-03 23:49:21,485:INFO:numpy==1.18.5
2020-12-03 23:49:21,485:INFO:sklearn==0.23.2
2020-12-03 23:49:22,139:INFO:xgboost==1.2.1
2020-12-03 23:49:22,140:INFO:lightgbm==3.0.0
2020-12-03 23:49:22,267:INFO:catboost==0.24.3
2020-12-03 23:49:23,412:INFO:mlflow==1.12.1
2020-12-03 23:49:23,413:INFO:Checking Exceptions
2020-12-03 23:51:01,019:INFO:PyCaret Supervised Module
2020-12-03 23:51:01,019:INFO:ML Usecase: classification
2020-12-03 23:51:01,019:INFO:version 2.2.2
2020-12-03 23:51:01,019:INFO:Initializing setup()
2020-12-03 23:51:01,019:INFO:setup(target=Survived, ml_usecase=classification, available_plots={'parameter': 'Hyperparameters', 'auc': 'AUC', 'confusion_matrix': 'Confusion Matrix', 'threshold': 'Threshold', 'pr': 'Precision Recall', 'error': 'Prediction Error', 'class_report': 'Class Report', 'rfe': 'Feature Selection', 'learning': 'Learning Curve', 'manifold': 'Manifold Learning', 'calibration': 'Calibration Curve', 'vc': 'Validation Curve', 'dimension': 'Dimensions', 'feature': 'Feature Importance', 'feature_all': 'Feature Importance (All)', 'boundary': 'Decision Boundary', 'lift': 'Lift Chart', 'gain': 'Gain Chart', 'tree': 'Decision Tree'}, train_size=0.7, test_data=None, preprocess=True, imputation_type=simple, iterative_imputation_iters=5, categorical_features=None, categorical_imputation=constant, categorical_iterative_imputer=lightgbm, ordinal_features=None, high_cardinality_features=None, high_cardinality_method=frequency, numeric_features=None, numeric_imputation=mean, numeric_iterative_imputer=lightgbm, date_features=None, ignore_features=None, normalize=False, normalize_method=zscore, transformation=False, transformation_method=yeo-johnson, handle_unknown_categorical=True, unknown_categorical_method=least_frequent, pca=False, pca_method=linear, pca_components=None, ignore_low_variance=False, combine_rare_levels=False, rare_level_threshold=0.1, bin_numeric_features=None, remove_outliers=False, outliers_threshold=0.05, remove_multicollinearity=False, multicollinearity_threshold=0.9, remove_perfect_collinearity=True, create_clusters=False, cluster_iter=20, polynomial_features=False, polynomial_degree=2, trigonometry_features=False, polynomial_threshold=0.1, group_features=None, group_names=None, feature_selection=False, feature_selection_threshold=0.8, feature_selection_method=classic, feature_interaction=False, feature_ratio=False, interaction_threshold=0.01, fix_imbalance=False, fix_imbalance_method=None, transform_target=False, transform_target_method=box-cox, data_split_shuffle=True, data_split_stratify=False, fold_strategy=stratifiedkfold, fold=10, fold_shuffle=False, fold_groups=None, n_jobs=-1, use_gpu=False, custom_pipeline=None, html=True, session_id=42, log_experiment=False, experiment_name=None, log_plots=False, log_profile=False, log_data=False, silent=False, verbose=True, profile=False, profile_kwargs=None, display=None)
2020-12-03 23:51:01,019:INFO:Checking environment
2020-12-03 23:51:01,019:INFO:python_version: 3.8.3
2020-12-03 23:51:01,019:INFO:python_build: ('default', 'Jul  2 2020 17:30:36')
2020-12-03 23:51:01,019:INFO:machine: AMD64
2020-12-03 23:51:01,019:INFO:platform: Windows-10-10.0.19041-SP0
2020-12-03 23:51:01,019:INFO:Memory: svmem(total=34287439872, available=24799154176, percent=27.7, used=9488285696, free=24799154176)
2020-12-03 23:51:01,019:INFO:Physical Core: 8
2020-12-03 23:51:01,020:INFO:Logical Core: 16
2020-12-03 23:51:01,020:INFO:Checking libraries
2020-12-03 23:51:01,020:INFO:pd==1.0.5
2020-12-03 23:51:01,020:INFO:numpy==1.18.5
2020-12-03 23:51:01,020:INFO:sklearn==0.23.2
2020-12-03 23:51:01,462:INFO:xgboost==1.2.1
2020-12-03 23:51:01,462:INFO:lightgbm==3.0.0
2020-12-03 23:51:01,474:INFO:catboost==0.24.3
2020-12-03 23:51:02,269:INFO:mlflow==1.12.1
2020-12-03 23:51:02,269:INFO:Checking Exceptions
2020-12-03 23:51:02,269:INFO:Declaring global variables
2020-12-03 23:51:02,269:INFO:USI: b65f
2020-12-03 23:51:02,269:INFO:pycaret_globals: {'_all_models_internal', 'fix_imbalance_method_param', 'target_param', 'logging_param', 'imputation_classifier', 'y_test', '_gpu_n_jobs_param', 'exp_name_log', 'fix_imbalance_param', 'X_train', 'transform_target_method_param', 'master_model_container', 'create_model_container', 'display_container', 'html_param', 'imputation_regressor', 'fold_param', 'USI', 'log_plots_param', 'transform_target_param', 'X', 'fold_groups_param', 'seed', 'fold_generator', 'gpu_param', '_ml_usecase', 'X_test', 'n_jobs_param', 'fold_shuffle_param', 'stratify_param', 'data_before_preprocess', 'prep_pipe', 'experiment__', 'y', 'pycaret_globals', '_internal_pipeline', '_available_plots', '_all_models', 'y_train', '_all_metrics', 'iterative_imputation_iters_param'}
2020-12-03 23:51:02,269:INFO:Preparing display monitor
2020-12-03 23:51:02,269:INFO:Preparing display monitor
2020-12-03 23:51:02,279:INFO:Importing libraries
2020-12-03 23:51:02,279:INFO:Copying data for preprocessing
2020-12-03 23:51:02,285:INFO:Declaring preprocessing parameters
2020-12-03 23:51:02,287:INFO:Creating preprocessing pipeline
2020-12-03 23:51:02,299:INFO:Preprocessing pipeline created successfully
2020-12-03 23:51:02,300:ERROR:(Process Exit): setup has been interupted with user command 'quit'. setup must rerun.
2020-12-03 23:51:02,300:INFO:Creating global containers
2020-12-03 23:51:02,301:INFO:Internal pipeline: Pipeline(memory=None, steps=[('empty_step', 'passthrough')], verbose=False)
2020-12-03 23:51:22,521:INFO:Creating grid variables
2020-12-03 23:51:22,558:INFO:create_model_container: 0
2020-12-03 23:51:22,558:INFO:master_model_container: 0
2020-12-03 23:51:22,559:INFO:display_container: 0
2020-12-03 23:51:22,563:INFO:Pipeline(memory=None,
         steps=[('dtypes',
                 DataTypes_Auto_infer(categorical_features=[],
                                      display_types=True, features_todrop=[],
                                      id_columns=[],
                                      ml_usecase='classification',
                                      numerical_features=[], target='Survived',
                                      time_features=[])),
                ('imputer',
                 Simple_Imputer(categorical_strategy='not_available',
                                fill_value_categorical=None,
                                fill_value_numerical=None,
                                numeric_str...
                ('scaling', 'passthrough'), ('P_transform', 'passthrough'),
                ('binn', 'passthrough'), ('rem_outliers', 'passthrough'),
                ('cluster_all', 'passthrough'),
                ('dummy', Dummify(target='Survived')),
                ('fix_perfect', Remove_100(target='Survived')),
                ('clean_names', Clean_Colum_Names()),
                ('feature_select', 'passthrough'), ('fix_multi', 'passthrough'),
                ('dfs', 'passthrough'), ('pca', 'passthrough')],
         verbose=False)
2020-12-03 23:51:22,563:INFO:setup() succesfully completed......................................
2020-12-03 23:51:43,884:INFO:Initializing compare_models()
2020-12-03 23:51:43,885:INFO:compare_models(include=None, fold=None, round=4, cross_validation=True, sort=Accuracy, n_select=1, budget_time=None, turbo=True, errors=ignore, fit_kwargs=None, groups=None, verbose=True, display=None, exclude=None)
2020-12-03 23:51:43,885:INFO:Checking exceptions
2020-12-03 23:51:43,886:INFO:Preparing display monitor
2020-12-03 23:51:43,886:INFO:Preparing display monitor
2020-12-03 23:51:43,909:INFO:Initializing Logistic Regression
2020-12-03 23:51:43,909:INFO:Total runtime is 0.0 minutes
2020-12-03 23:51:43,916:INFO:SubProcess create_model() called ==================================
2020-12-03 23:51:43,916:INFO:Initializing create_model()
2020-12-03 23:51:43,916:INFO:create_model(estimator=lr, fold=StratifiedKFold(n_splits=10, random_state=42, shuffle=False), round=4, cross_validation=True, predict=True, fit_kwargs={}, groups=None, refit=False, verbose=False, system=False, metrics=None, display=<pycaret.internal.Display.Display object at 0x0000024C8A2BF2E0>, kwargs={})
2020-12-03 23:51:43,916:INFO:Checking exceptions
2020-12-03 23:51:43,917:INFO:Importing libraries
2020-12-03 23:51:43,917:INFO:Copying training dataset
2020-12-03 23:51:43,918:INFO:Defining folds
2020-12-03 23:51:43,918:INFO:Declaring metric variables
2020-12-03 23:51:43,924:INFO:Importing untrained model
2020-12-03 23:51:43,931:INFO:Logistic Regression Imported succesfully
2020-12-03 23:51:43,944:INFO:Starting cross validation
2020-12-03 23:51:43,945:INFO:Cross validating with StratifiedKFold(n_splits=10, random_state=42, shuffle=False), n_jobs=-1
2020-12-03 23:51:48,698:INFO:Calculating mean and std
2020-12-03 23:51:48,699:INFO:Creating metrics dataframe
2020-12-03 23:51:48,704:INFO:Uploading results into container
2020-12-03 23:51:48,704:INFO:Uploading model into container now
2020-12-03 23:51:48,704:INFO:create_model_container: 1
2020-12-03 23:51:48,705:INFO:master_model_container: 1
2020-12-03 23:51:48,705:INFO:display_container: 1
2020-12-03 23:51:48,709:INFO:LogisticRegression(C=1.0, class_weight=None, dual=False, fit_intercept=True,
                   intercept_scaling=1, l1_ratio=None, max_iter=1000,
                   multi_class='auto', n_jobs=None, penalty='l2',
                   random_state=42, solver='lbfgs', tol=0.0001, verbose=0,
                   warm_start=False)
2020-12-03 23:51:48,709:INFO:create_model() succesfully completed......................................
2020-12-03 23:51:48,788:INFO:SubProcess create_model() end ==================================
2020-12-03 23:51:48,788:INFO:Creating metrics dataframe
2020-12-03 23:51:48,800:INFO:Initializing K Neighbors Classifier
2020-12-03 23:51:48,800:INFO:Total runtime is 0.0815150260925293 minutes
2020-12-03 23:51:48,807:INFO:SubProcess create_model() called ==================================
2020-12-03 23:51:48,808:INFO:Initializing create_model()
2020-12-03 23:51:48,808:INFO:create_model(estimator=knn, fold=StratifiedKFold(n_splits=10, random_state=42, shuffle=False), round=4, cross_validation=True, predict=True, fit_kwargs={}, groups=None, refit=False, verbose=False, system=False, metrics=None, display=<pycaret.internal.Display.Display object at 0x0000024C8A2BF2E0>, kwargs={})
2020-12-03 23:51:48,808:INFO:Checking exceptions
2020-12-03 23:51:48,808:INFO:Importing libraries
2020-12-03 23:51:48,808:INFO:Copying training dataset
2020-12-03 23:51:48,809:INFO:Defining folds
2020-12-03 23:51:48,809:INFO:Declaring metric variables
2020-12-03 23:51:48,816:INFO:Importing untrained model
2020-12-03 23:51:48,822:INFO:K Neighbors Classifier Imported succesfully
2020-12-03 23:51:48,836:INFO:Starting cross validation
2020-12-03 23:51:48,836:INFO:Cross validating with StratifiedKFold(n_splits=10, random_state=42, shuffle=False), n_jobs=-1
2020-12-03 23:51:51,679:INFO:Calculating mean and std
2020-12-03 23:51:51,681:INFO:Creating metrics dataframe
2020-12-03 23:51:51,685:INFO:Uploading results into container
2020-12-03 23:51:51,685:INFO:Uploading model into container now
2020-12-03 23:51:51,686:INFO:create_model_container: 2
2020-12-03 23:51:51,686:INFO:master_model_container: 2
2020-12-03 23:51:51,686:INFO:display_container: 1
2020-12-03 23:51:51,686:INFO:KNeighborsClassifier(algorithm='auto', leaf_size=30, metric='minkowski',
                     metric_params=None, n_jobs=-1, n_neighbors=5, p=2,
                     weights='uniform')
2020-12-03 23:51:51,686:INFO:create_model() succesfully completed......................................
2020-12-03 23:51:51,776:INFO:SubProcess create_model() end ==================================
2020-12-03 23:51:51,776:INFO:Creating metrics dataframe
2020-12-03 23:51:51,790:INFO:Initializing Naive Bayes
2020-12-03 23:51:51,791:INFO:Total runtime is 0.13135968844095866 minutes
2020-12-03 23:51:51,798:INFO:SubProcess create_model() called ==================================
2020-12-03 23:51:51,798:INFO:Initializing create_model()
2020-12-03 23:51:51,798:INFO:create_model(estimator=nb, fold=StratifiedKFold(n_splits=10, random_state=42, shuffle=False), round=4, cross_validation=True, predict=True, fit_kwargs={}, groups=None, refit=False, verbose=False, system=False, metrics=None, display=<pycaret.internal.Display.Display object at 0x0000024C8A2BF2E0>, kwargs={})
2020-12-03 23:51:51,798:INFO:Checking exceptions
2020-12-03 23:51:51,798:INFO:Importing libraries
2020-12-03 23:51:51,798:INFO:Copying training dataset
2020-12-03 23:51:51,799:INFO:Defining folds
2020-12-03 23:51:51,799:INFO:Declaring metric variables
2020-12-03 23:51:51,806:INFO:Importing untrained model
2020-12-03 23:51:51,812:INFO:Naive Bayes Imported succesfully
2020-12-03 23:51:51,825:INFO:Starting cross validation
2020-12-03 23:51:51,825:INFO:Cross validating with StratifiedKFold(n_splits=10, random_state=42, shuffle=False), n_jobs=-1
2020-12-03 23:51:51,874:INFO:Calculating mean and std
2020-12-03 23:51:51,875:INFO:Creating metrics dataframe
2020-12-03 23:51:51,879:INFO:Uploading results into container
2020-12-03 23:51:51,879:INFO:Uploading model into container now
2020-12-03 23:51:51,879:INFO:create_model_container: 3
2020-12-03 23:51:51,879:INFO:master_model_container: 3
2020-12-03 23:51:51,879:INFO:display_container: 1
2020-12-03 23:51:51,879:INFO:GaussianNB(priors=None, var_smoothing=1e-09)
2020-12-03 23:51:51,880:INFO:create_model() succesfully completed......................................
2020-12-03 23:51:51,945:INFO:SubProcess create_model() end ==================================
2020-12-03 23:51:51,946:INFO:Creating metrics dataframe
2020-12-03 23:51:51,962:INFO:Initializing Decision Tree Classifier
2020-12-03 23:51:51,962:INFO:Total runtime is 0.13421032031377156 minutes
2020-12-03 23:51:51,969:INFO:SubProcess create_model() called ==================================
2020-12-03 23:51:51,969:INFO:Initializing create_model()
2020-12-03 23:51:51,969:INFO:create_model(estimator=dt, fold=StratifiedKFold(n_splits=10, random_state=42, shuffle=False), round=4, cross_validation=True, predict=True, fit_kwargs={}, groups=None, refit=False, verbose=False, system=False, metrics=None, display=<pycaret.internal.Display.Display object at 0x0000024C8A2BF2E0>, kwargs={})
2020-12-03 23:51:51,969:INFO:Checking exceptions
2020-12-03 23:51:51,970:INFO:Importing libraries
2020-12-03 23:51:51,970:INFO:Copying training dataset
2020-12-03 23:51:51,971:INFO:Defining folds
2020-12-03 23:51:51,971:INFO:Declaring metric variables
2020-12-03 23:51:51,978:INFO:Importing untrained model
2020-12-03 23:51:51,984:INFO:Decision Tree Classifier Imported succesfully
2020-12-03 23:51:51,997:INFO:Starting cross validation
2020-12-03 23:51:51,998:INFO:Cross validating with StratifiedKFold(n_splits=10, random_state=42, shuffle=False), n_jobs=-1
2020-12-03 23:51:52,047:INFO:Calculating mean and std
2020-12-03 23:51:52,047:INFO:Creating metrics dataframe
2020-12-03 23:51:52,051:INFO:Uploading results into container
2020-12-03 23:51:52,051:INFO:Uploading model into container now
2020-12-03 23:51:52,051:INFO:create_model_container: 4
2020-12-03 23:51:52,051:INFO:master_model_container: 4
2020-12-03 23:51:52,051:INFO:display_container: 1
2020-12-03 23:51:52,052:INFO:DecisionTreeClassifier(ccp_alpha=0.0, class_weight=None, criterion='gini',
                       max_depth=None, max_features=None, max_leaf_nodes=None,
                       min_impurity_decrease=0.0, min_impurity_split=None,
                       min_samples_leaf=1, min_samples_split=2,
                       min_weight_fraction_leaf=0.0, presort='deprecated',
                       random_state=42, splitter='best')
2020-12-03 23:51:52,052:INFO:create_model() succesfully completed......................................
2020-12-03 23:51:52,117:INFO:SubProcess create_model() end ==================================
2020-12-03 23:51:52,117:INFO:Creating metrics dataframe
2020-12-03 23:51:52,136:INFO:Initializing SVM - Linear Kernel
2020-12-03 23:51:52,136:INFO:Total runtime is 0.1371109882990519 minutes
2020-12-03 23:51:52,143:INFO:SubProcess create_model() called ==================================
2020-12-03 23:51:52,143:INFO:Initializing create_model()
2020-12-03 23:51:52,143:INFO:create_model(estimator=svm, fold=StratifiedKFold(n_splits=10, random_state=42, shuffle=False), round=4, cross_validation=True, predict=True, fit_kwargs={}, groups=None, refit=False, verbose=False, system=False, metrics=None, display=<pycaret.internal.Display.Display object at 0x0000024C8A2BF2E0>, kwargs={})
2020-12-03 23:51:52,143:INFO:Checking exceptions
2020-12-03 23:51:52,143:INFO:Importing libraries
2020-12-03 23:51:52,143:INFO:Copying training dataset
2020-12-03 23:51:52,144:INFO:Defining folds
2020-12-03 23:51:52,144:INFO:Declaring metric variables
2020-12-03 23:51:52,151:INFO:Importing untrained model
2020-12-03 23:51:52,158:INFO:SVM - Linear Kernel Imported succesfully
2020-12-03 23:51:52,171:INFO:Starting cross validation
2020-12-03 23:51:52,172:INFO:Cross validating with StratifiedKFold(n_splits=10, random_state=42, shuffle=False), n_jobs=-1
2020-12-03 23:51:52,225:INFO:Calculating mean and std
2020-12-03 23:51:52,226:INFO:Creating metrics dataframe
2020-12-03 23:51:52,230:INFO:Uploading results into container
2020-12-03 23:51:52,230:INFO:Uploading model into container now
2020-12-03 23:51:52,230:INFO:create_model_container: 5
2020-12-03 23:51:52,230:INFO:master_model_container: 5
2020-12-03 23:51:52,230:INFO:display_container: 1
2020-12-03 23:51:52,231:INFO:SGDClassifier(alpha=0.0001, average=False, class_weight=None,
              early_stopping=False, epsilon=0.1, eta0=0.001, fit_intercept=True,
              l1_ratio=0.15, learning_rate='optimal', loss='hinge',
              max_iter=1000, n_iter_no_change=5, n_jobs=-1, penalty='l2',
              power_t=0.5, random_state=42, shuffle=True, tol=0.001,
              validation_fraction=0.1, verbose=0, warm_start=False)
2020-12-03 23:51:52,231:INFO:create_model() succesfully completed......................................
2020-12-03 23:51:52,296:INFO:SubProcess create_model() end ==================================
2020-12-03 23:51:52,296:INFO:Creating metrics dataframe
2020-12-03 23:51:52,317:INFO:Initializing Ridge Classifier
2020-12-03 23:51:52,317:INFO:Total runtime is 0.14013147751490274 minutes
2020-12-03 23:51:52,324:INFO:SubProcess create_model() called ==================================
2020-12-03 23:51:52,324:INFO:Initializing create_model()
2020-12-03 23:51:52,324:INFO:create_model(estimator=ridge, fold=StratifiedKFold(n_splits=10, random_state=42, shuffle=False), round=4, cross_validation=True, predict=True, fit_kwargs={}, groups=None, refit=False, verbose=False, system=False, metrics=None, display=<pycaret.internal.Display.Display object at 0x0000024C8A2BF2E0>, kwargs={})
2020-12-03 23:51:52,324:INFO:Checking exceptions
2020-12-03 23:51:52,324:INFO:Importing libraries
2020-12-03 23:51:52,324:INFO:Copying training dataset
2020-12-03 23:51:52,325:INFO:Defining folds
2020-12-03 23:51:52,325:INFO:Declaring metric variables
2020-12-03 23:51:52,332:INFO:Importing untrained model
2020-12-03 23:51:52,338:INFO:Ridge Classifier Imported succesfully
2020-12-03 23:51:52,352:INFO:Starting cross validation
2020-12-03 23:51:52,352:INFO:Cross validating with StratifiedKFold(n_splits=10, random_state=42, shuffle=False), n_jobs=-1
2020-12-03 23:51:52,406:INFO:Calculating mean and std
2020-12-03 23:51:52,407:INFO:Creating metrics dataframe
2020-12-03 23:51:52,410:INFO:Uploading results into container
2020-12-03 23:51:52,410:INFO:Uploading model into container now
2020-12-03 23:51:52,410:INFO:create_model_container: 6
2020-12-03 23:51:52,410:INFO:master_model_container: 6
2020-12-03 23:51:52,410:INFO:display_container: 1
2020-12-03 23:51:52,411:INFO:RidgeClassifier(alpha=1.0, class_weight=None, copy_X=True, fit_intercept=True,
                max_iter=None, normalize=False, random_state=42, solver='auto',
                tol=0.001)
2020-12-03 23:51:52,411:INFO:create_model() succesfully completed......................................
2020-12-03 23:51:52,476:INFO:SubProcess create_model() end ==================================
2020-12-03 23:51:52,476:INFO:Creating metrics dataframe
2020-12-03 23:51:52,500:INFO:Initializing Random Forest Classifier
2020-12-03 23:51:52,500:INFO:Total runtime is 0.14318941434224444 minutes
2020-12-03 23:51:52,507:INFO:SubProcess create_model() called ==================================
2020-12-03 23:51:52,507:INFO:Initializing create_model()
2020-12-03 23:51:52,507:INFO:create_model(estimator=rf, fold=StratifiedKFold(n_splits=10, random_state=42, shuffle=False), round=4, cross_validation=True, predict=True, fit_kwargs={}, groups=None, refit=False, verbose=False, system=False, metrics=None, display=<pycaret.internal.Display.Display object at 0x0000024C8A2BF2E0>, kwargs={})
2020-12-03 23:51:52,507:INFO:Checking exceptions
2020-12-03 23:51:52,507:INFO:Importing libraries
2020-12-03 23:51:52,507:INFO:Copying training dataset
2020-12-03 23:51:52,508:INFO:Defining folds
2020-12-03 23:51:52,508:INFO:Declaring metric variables
2020-12-03 23:51:52,515:INFO:Importing untrained model
2020-12-03 23:51:52,520:INFO:Random Forest Classifier Imported succesfully
2020-12-03 23:51:52,533:INFO:Starting cross validation
2020-12-03 23:51:52,533:INFO:Cross validating with StratifiedKFold(n_splits=10, random_state=42, shuffle=False), n_jobs=-1
2020-12-03 23:51:52,915:INFO:Calculating mean and std
2020-12-03 23:51:52,916:INFO:Creating metrics dataframe
2020-12-03 23:51:52,921:INFO:Uploading results into container
2020-12-03 23:51:52,921:INFO:Uploading model into container now
2020-12-03 23:51:52,921:INFO:create_model_container: 7
2020-12-03 23:51:52,921:INFO:master_model_container: 7
2020-12-03 23:51:52,921:INFO:display_container: 1
2020-12-03 23:51:52,921:INFO:RandomForestClassifier(bootstrap=True, ccp_alpha=0.0, class_weight=None,
                       criterion='gini', max_depth=None, max_features='auto',
                       max_leaf_nodes=None, max_samples=None,
                       min_impurity_decrease=0.0, min_impurity_split=None,
                       min_samples_leaf=1, min_samples_split=2,
                       min_weight_fraction_leaf=0.0, n_estimators=100,
                       n_jobs=-1, oob_score=False, random_state=42, verbose=0,
                       warm_start=False)
2020-12-03 23:51:52,921:INFO:create_model() succesfully completed......................................
2020-12-03 23:51:52,997:INFO:SubProcess create_model() end ==================================
2020-12-03 23:51:52,998:INFO:Creating metrics dataframe
2020-12-03 23:51:53,023:INFO:Initializing Quadratic Discriminant Analysis
2020-12-03 23:51:53,023:INFO:Total runtime is 0.1519009470939636 minutes
2020-12-03 23:51:53,030:INFO:SubProcess create_model() called ==================================
2020-12-03 23:51:53,030:INFO:Initializing create_model()
2020-12-03 23:51:53,030:INFO:create_model(estimator=qda, fold=StratifiedKFold(n_splits=10, random_state=42, shuffle=False), round=4, cross_validation=True, predict=True, fit_kwargs={}, groups=None, refit=False, verbose=False, system=False, metrics=None, display=<pycaret.internal.Display.Display object at 0x0000024C8A2BF2E0>, kwargs={})
2020-12-03 23:51:53,030:INFO:Checking exceptions
2020-12-03 23:51:53,030:INFO:Importing libraries
2020-12-03 23:51:53,030:INFO:Copying training dataset
2020-12-03 23:51:53,031:INFO:Defining folds
2020-12-03 23:51:53,031:INFO:Declaring metric variables
2020-12-03 23:51:53,037:INFO:Importing untrained model
2020-12-03 23:51:53,043:INFO:Quadratic Discriminant Analysis Imported succesfully
2020-12-03 23:51:53,056:INFO:Starting cross validation
2020-12-03 23:51:53,056:INFO:Cross validating with StratifiedKFold(n_splits=10, random_state=42, shuffle=False), n_jobs=-1
2020-12-03 23:51:53,138:INFO:Calculating mean and std
2020-12-03 23:51:53,139:INFO:Creating metrics dataframe
2020-12-03 23:51:53,143:INFO:Uploading results into container
2020-12-03 23:51:53,144:INFO:Uploading model into container now
2020-12-03 23:51:53,144:INFO:create_model_container: 8
2020-12-03 23:51:53,144:INFO:master_model_container: 8
2020-12-03 23:51:53,144:INFO:display_container: 1
2020-12-03 23:51:53,144:INFO:QuadraticDiscriminantAnalysis(priors=None, reg_param=0.0,
                              store_covariance=False, tol=0.0001)
2020-12-03 23:51:53,144:INFO:create_model() succesfully completed......................................
2020-12-03 23:51:53,210:INFO:SubProcess create_model() end ==================================
2020-12-03 23:51:53,210:INFO:Creating metrics dataframe
2020-12-03 23:51:53,238:INFO:Initializing Ada Boost Classifier
2020-12-03 23:51:53,238:INFO:Total runtime is 0.15548508564631142 minutes
2020-12-03 23:51:53,245:INFO:SubProcess create_model() called ==================================
2020-12-03 23:51:53,245:INFO:Initializing create_model()
2020-12-03 23:51:53,245:INFO:create_model(estimator=ada, fold=StratifiedKFold(n_splits=10, random_state=42, shuffle=False), round=4, cross_validation=True, predict=True, fit_kwargs={}, groups=None, refit=False, verbose=False, system=False, metrics=None, display=<pycaret.internal.Display.Display object at 0x0000024C8A2BF2E0>, kwargs={})
2020-12-03 23:51:53,245:INFO:Checking exceptions
2020-12-03 23:51:53,245:INFO:Importing libraries
2020-12-03 23:51:53,245:INFO:Copying training dataset
2020-12-03 23:51:53,246:INFO:Defining folds
2020-12-03 23:51:53,246:INFO:Declaring metric variables
2020-12-03 23:51:53,253:INFO:Importing untrained model
2020-12-03 23:51:53,259:INFO:Ada Boost Classifier Imported succesfully
2020-12-03 23:51:53,273:INFO:Starting cross validation
2020-12-03 23:51:53,273:INFO:Cross validating with StratifiedKFold(n_splits=10, random_state=42, shuffle=False), n_jobs=-1
2020-12-03 23:51:53,427:INFO:Calculating mean and std
2020-12-03 23:51:53,428:INFO:Creating metrics dataframe
2020-12-03 23:51:53,432:INFO:Uploading results into container
2020-12-03 23:51:53,432:INFO:Uploading model into container now
2020-12-03 23:51:53,432:INFO:create_model_container: 9
2020-12-03 23:51:53,432:INFO:master_model_container: 9
2020-12-03 23:51:53,432:INFO:display_container: 1
2020-12-03 23:51:53,433:INFO:AdaBoostClassifier(algorithm='SAMME.R', base_estimator=None, learning_rate=1.0,
                   n_estimators=50, random_state=42)
2020-12-03 23:51:53,433:INFO:create_model() succesfully completed......................................
2020-12-03 23:51:53,502:INFO:SubProcess create_model() end ==================================
2020-12-03 23:51:53,502:INFO:Creating metrics dataframe
2020-12-03 23:51:53,532:INFO:Initializing Gradient Boosting Classifier
2020-12-03 23:51:53,532:INFO:Total runtime is 0.16038620869318643 minutes
2020-12-03 23:51:53,539:INFO:SubProcess create_model() called ==================================
2020-12-03 23:51:53,539:INFO:Initializing create_model()
2020-12-03 23:51:53,539:INFO:create_model(estimator=gbc, fold=StratifiedKFold(n_splits=10, random_state=42, shuffle=False), round=4, cross_validation=True, predict=True, fit_kwargs={}, groups=None, refit=False, verbose=False, system=False, metrics=None, display=<pycaret.internal.Display.Display object at 0x0000024C8A2BF2E0>, kwargs={})
2020-12-03 23:51:53,539:INFO:Checking exceptions
2020-12-03 23:51:53,539:INFO:Importing libraries
2020-12-03 23:51:53,540:INFO:Copying training dataset
2020-12-03 23:51:53,540:INFO:Defining folds
2020-12-03 23:51:53,540:INFO:Declaring metric variables
2020-12-03 23:51:53,547:INFO:Importing untrained model
2020-12-03 23:51:53,554:INFO:Gradient Boosting Classifier Imported succesfully
2020-12-03 23:51:53,568:INFO:Starting cross validation
2020-12-03 23:51:53,568:INFO:Cross validating with StratifiedKFold(n_splits=10, random_state=42, shuffle=False), n_jobs=-1
2020-12-03 23:51:53,726:INFO:Calculating mean and std
2020-12-03 23:51:53,727:INFO:Creating metrics dataframe
2020-12-03 23:51:53,731:INFO:Uploading results into container
2020-12-03 23:51:53,731:INFO:Uploading model into container now
2020-12-03 23:51:53,731:INFO:create_model_container: 10
2020-12-03 23:51:53,732:INFO:master_model_container: 10
2020-12-03 23:51:53,732:INFO:display_container: 1
2020-12-03 23:51:53,732:INFO:GradientBoostingClassifier(ccp_alpha=0.0, criterion='friedman_mse', init=None,
                           learning_rate=0.1, loss='deviance', max_depth=3,
                           max_features=None, max_leaf_nodes=None,
                           min_impurity_decrease=0.0, min_impurity_split=None,
                           min_samples_leaf=1, min_samples_split=2,
                           min_weight_fraction_leaf=0.0, n_estimators=100,
                           n_iter_no_change=None, presort='deprecated',
                           random_state=42, subsample=1.0, tol=0.0001,
                           validation_fraction=0.1, verbose=0,
                           warm_start=False)
2020-12-03 23:51:53,732:INFO:create_model() succesfully completed......................................
2020-12-03 23:51:53,807:INFO:SubProcess create_model() end ==================================
2020-12-03 23:51:53,807:INFO:Creating metrics dataframe
2020-12-03 23:51:53,839:INFO:Initializing Linear Discriminant Analysis
2020-12-03 23:51:53,839:INFO:Total runtime is 0.16550408204396563 minutes
2020-12-03 23:51:53,846:INFO:SubProcess create_model() called ==================================
2020-12-03 23:51:53,846:INFO:Initializing create_model()
2020-12-03 23:51:53,846:INFO:create_model(estimator=lda, fold=StratifiedKFold(n_splits=10, random_state=42, shuffle=False), round=4, cross_validation=True, predict=True, fit_kwargs={}, groups=None, refit=False, verbose=False, system=False, metrics=None, display=<pycaret.internal.Display.Display object at 0x0000024C8A2BF2E0>, kwargs={})
2020-12-03 23:51:53,846:INFO:Checking exceptions
2020-12-03 23:51:53,847:INFO:Importing libraries
2020-12-03 23:51:53,847:INFO:Copying training dataset
2020-12-03 23:51:53,848:INFO:Defining folds
2020-12-03 23:51:53,848:INFO:Declaring metric variables
2020-12-03 23:51:53,854:INFO:Importing untrained model
2020-12-03 23:51:53,861:INFO:Linear Discriminant Analysis Imported succesfully
2020-12-03 23:51:53,875:INFO:Starting cross validation
2020-12-03 23:51:53,876:INFO:Cross validating with StratifiedKFold(n_splits=10, random_state=42, shuffle=False), n_jobs=-1
2020-12-03 23:51:53,936:INFO:Calculating mean and std
2020-12-03 23:51:53,937:INFO:Creating metrics dataframe
2020-12-03 23:51:53,940:INFO:Uploading results into container
2020-12-03 23:51:53,940:INFO:Uploading model into container now
2020-12-03 23:51:53,941:INFO:create_model_container: 11
2020-12-03 23:51:53,941:INFO:master_model_container: 11
2020-12-03 23:51:53,941:INFO:display_container: 1
2020-12-03 23:51:53,941:INFO:LinearDiscriminantAnalysis(n_components=None, priors=None, shrinkage=None,
                           solver='svd', store_covariance=False, tol=0.0001)
2020-12-03 23:51:53,941:INFO:create_model() succesfully completed......................................
2020-12-03 23:51:54,007:INFO:SubProcess create_model() end ==================================
2020-12-03 23:51:54,007:INFO:Creating metrics dataframe
2020-12-03 23:51:54,041:INFO:Initializing Extra Trees Classifier
2020-12-03 23:51:54,041:INFO:Total runtime is 0.1688715855280558 minutes
2020-12-03 23:51:54,048:INFO:SubProcess create_model() called ==================================
2020-12-03 23:51:54,048:INFO:Initializing create_model()
2020-12-03 23:51:54,048:INFO:create_model(estimator=et, fold=StratifiedKFold(n_splits=10, random_state=42, shuffle=False), round=4, cross_validation=True, predict=True, fit_kwargs={}, groups=None, refit=False, verbose=False, system=False, metrics=None, display=<pycaret.internal.Display.Display object at 0x0000024C8A2BF2E0>, kwargs={})
2020-12-03 23:51:54,048:INFO:Checking exceptions
2020-12-03 23:51:54,049:INFO:Importing libraries
2020-12-03 23:51:54,049:INFO:Copying training dataset
2020-12-03 23:51:54,049:INFO:Defining folds
2020-12-03 23:51:54,050:INFO:Declaring metric variables
2020-12-03 23:51:54,056:INFO:Importing untrained model
2020-12-03 23:51:54,063:INFO:Extra Trees Classifier Imported succesfully
2020-12-03 23:51:54,076:INFO:Starting cross validation
2020-12-03 23:51:54,077:INFO:Cross validating with StratifiedKFold(n_splits=10, random_state=42, shuffle=False), n_jobs=-1
2020-12-03 23:51:54,410:INFO:Calculating mean and std
2020-12-03 23:51:54,411:INFO:Creating metrics dataframe
2020-12-03 23:51:54,415:INFO:Uploading results into container
2020-12-03 23:51:54,415:INFO:Uploading model into container now
2020-12-03 23:51:54,415:INFO:create_model_container: 12
2020-12-03 23:51:54,415:INFO:master_model_container: 12
2020-12-03 23:51:54,415:INFO:display_container: 1
2020-12-03 23:51:54,415:INFO:ExtraTreesClassifier(bootstrap=False, ccp_alpha=0.0, class_weight=None,
                     criterion='gini', max_depth=None, max_features='auto',
                     max_leaf_nodes=None, max_samples=None,
                     min_impurity_decrease=0.0, min_impurity_split=None,
                     min_samples_leaf=1, min_samples_split=2,
                     min_weight_fraction_leaf=0.0, n_estimators=100, n_jobs=-1,
                     oob_score=False, random_state=42, verbose=0,
                     warm_start=False)
2020-12-03 23:51:54,416:INFO:create_model() succesfully completed......................................
2020-12-03 23:51:54,493:INFO:SubProcess create_model() end ==================================
2020-12-03 23:51:54,494:INFO:Creating metrics dataframe
2020-12-03 23:51:54,532:INFO:Initializing Extreme Gradient Boosting
2020-12-03 23:51:54,532:INFO:Total runtime is 0.17704526185989378 minutes
2020-12-03 23:51:54,539:INFO:SubProcess create_model() called ==================================
2020-12-03 23:51:54,539:INFO:Initializing create_model()
2020-12-03 23:51:54,539:INFO:create_model(estimator=xgboost, fold=StratifiedKFold(n_splits=10, random_state=42, shuffle=False), round=4, cross_validation=True, predict=True, fit_kwargs={}, groups=None, refit=False, verbose=False, system=False, metrics=None, display=<pycaret.internal.Display.Display object at 0x0000024C8A2BF2E0>, kwargs={})
2020-12-03 23:51:54,540:INFO:Checking exceptions
2020-12-03 23:51:54,540:INFO:Importing libraries
2020-12-03 23:51:54,540:INFO:Copying training dataset
2020-12-03 23:51:54,541:INFO:Defining folds
2020-12-03 23:51:54,541:INFO:Declaring metric variables
2020-12-03 23:51:54,547:INFO:Importing untrained model
2020-12-03 23:51:54,554:INFO:Extreme Gradient Boosting Imported succesfully
2020-12-03 23:51:54,566:INFO:Starting cross validation
2020-12-03 23:51:54,568:INFO:Cross validating with StratifiedKFold(n_splits=10, random_state=42, shuffle=False), n_jobs=-1
2020-12-03 23:51:56,956:INFO:Calculating mean and std
2020-12-03 23:51:56,957:INFO:Creating metrics dataframe
2020-12-03 23:51:56,961:INFO:Uploading results into container
2020-12-03 23:51:56,961:INFO:Uploading model into container now
2020-12-03 23:51:56,961:INFO:create_model_container: 13
2020-12-03 23:51:56,962:INFO:master_model_container: 13
2020-12-03 23:51:56,962:INFO:display_container: 1
2020-12-03 23:51:56,962:INFO:XGBClassifier(base_score=None, booster='gbtree', colsample_bylevel=None,
              colsample_bynode=None, colsample_bytree=None, gamma=None,
              gpu_id=None, importance_type='gain', interaction_constraints=None,
              learning_rate=None, max_delta_step=None, max_depth=None,
              min_child_weight=None, missing=nan, monotone_constraints=None,
              n_estimators=100, n_jobs=-1, num_parallel_tree=None,
              objective='binary:logistic', random_state=42, reg_alpha=None,
              reg_lambda=None, scale_pos_weight=None, subsample=None,
              tree_method='auto', validate_parameters=None, verbosity=0)
2020-12-03 23:51:56,962:INFO:create_model() succesfully completed......................................
2020-12-03 23:51:57,034:INFO:SubProcess create_model() end ==================================
2020-12-03 23:51:57,034:INFO:Creating metrics dataframe
2020-12-03 23:51:57,073:INFO:Initializing Light Gradient Boosting Machine
2020-12-03 23:51:57,073:INFO:Total runtime is 0.21940938631693518 minutes
2020-12-03 23:51:57,080:INFO:SubProcess create_model() called ==================================
2020-12-03 23:51:57,080:INFO:Initializing create_model()
2020-12-03 23:51:57,080:INFO:create_model(estimator=lightgbm, fold=StratifiedKFold(n_splits=10, random_state=42, shuffle=False), round=4, cross_validation=True, predict=True, fit_kwargs={}, groups=None, refit=False, verbose=False, system=False, metrics=None, display=<pycaret.internal.Display.Display object at 0x0000024C8A2BF2E0>, kwargs={})
2020-12-03 23:51:57,080:INFO:Checking exceptions
2020-12-03 23:51:57,080:INFO:Importing libraries
2020-12-03 23:51:57,080:INFO:Copying training dataset
2020-12-03 23:51:57,081:INFO:Defining folds
2020-12-03 23:51:57,081:INFO:Declaring metric variables
2020-12-03 23:51:57,088:INFO:Importing untrained model
2020-12-03 23:51:57,095:INFO:Light Gradient Boosting Machine Imported succesfully
2020-12-03 23:51:57,108:INFO:Starting cross validation
2020-12-03 23:51:57,109:INFO:Cross validating with StratifiedKFold(n_splits=10, random_state=42, shuffle=False), n_jobs=-1
2020-12-03 23:51:57,227:INFO:Calculating mean and std
2020-12-03 23:51:57,228:INFO:Creating metrics dataframe
2020-12-03 23:51:57,232:INFO:Uploading results into container
2020-12-03 23:51:57,232:INFO:Uploading model into container now
2020-12-03 23:51:57,233:INFO:create_model_container: 14
2020-12-03 23:51:57,233:INFO:master_model_container: 14
2020-12-03 23:51:57,233:INFO:display_container: 1
2020-12-03 23:51:57,233:INFO:LGBMClassifier(boosting_type='gbdt', class_weight=None, colsample_bytree=1.0,
               importance_type='split', learning_rate=0.1, max_depth=-1,
               min_child_samples=20, min_child_weight=0.001, min_split_gain=0.0,
               n_estimators=100, n_jobs=-1, num_leaves=31, objective=None,
               random_state=42, reg_alpha=0.0, reg_lambda=0.0, silent=True,
               subsample=1.0, subsample_for_bin=200000, subsample_freq=0)
2020-12-03 23:51:57,233:INFO:create_model() succesfully completed......................................
2020-12-03 23:51:57,306:INFO:SubProcess create_model() end ==================================
2020-12-03 23:51:57,306:INFO:Creating metrics dataframe
2020-12-03 23:51:57,347:INFO:Initializing CatBoost Classifier
2020-12-03 23:51:57,347:INFO:Total runtime is 0.22396041552225746 minutes
2020-12-03 23:51:57,353:INFO:SubProcess create_model() called ==================================
2020-12-03 23:51:57,354:INFO:Initializing create_model()
2020-12-03 23:51:57,354:INFO:create_model(estimator=catboost, fold=StratifiedKFold(n_splits=10, random_state=42, shuffle=False), round=4, cross_validation=True, predict=True, fit_kwargs={}, groups=None, refit=False, verbose=False, system=False, metrics=None, display=<pycaret.internal.Display.Display object at 0x0000024C8A2BF2E0>, kwargs={})
2020-12-03 23:51:57,354:INFO:Checking exceptions
2020-12-03 23:51:57,354:INFO:Importing libraries
2020-12-03 23:51:57,354:INFO:Copying training dataset
2020-12-03 23:51:57,355:INFO:Defining folds
2020-12-03 23:51:57,355:INFO:Declaring metric variables
2020-12-03 23:51:57,362:INFO:Importing untrained model
2020-12-03 23:51:57,369:INFO:CatBoost Classifier Imported succesfully
2020-12-03 23:51:57,382:INFO:Starting cross validation
2020-12-03 23:51:57,384:INFO:Cross validating with StratifiedKFold(n_splits=10, random_state=42, shuffle=False), n_jobs=-1
2020-12-03 23:52:01,624:INFO:Calculating mean and std
2020-12-03 23:52:01,625:INFO:Creating metrics dataframe
2020-12-03 23:52:01,629:INFO:Uploading results into container
2020-12-03 23:52:01,629:INFO:Uploading model into container now
2020-12-03 23:52:01,629:INFO:create_model_container: 15
2020-12-03 23:52:01,629:INFO:master_model_container: 15
2020-12-03 23:52:01,629:INFO:display_container: 1
2020-12-03 23:52:01,629:INFO:<catboost.core.CatBoostClassifier object at 0x0000024CB23D8B20>
2020-12-03 23:52:01,629:INFO:create_model() succesfully completed......................................
2020-12-03 23:52:01,694:WARNING:create_model() for <catboost.core.CatBoostClassifier object at 0x0000024CB23D8B20> raised an exception or returned all 0.0, trying without fit_kwargs:
2020-12-03 23:52:01,697:WARNING:Traceback (most recent call last):
  File "C:\Users\user\anaconda3\lib\site-packages\pycaret\internal\tabular.py", line 2149, in compare_models
    assert np.sum(model_results.iloc[0]) != 0.0
AssertionError

2020-12-03 23:52:01,697:INFO:Initializing create_model()
2020-12-03 23:52:01,697:INFO:create_model(estimator=<catboost.core.CatBoostClassifier object at 0x0000024CB23D8B20>, fold=StratifiedKFold(n_splits=10, random_state=42, shuffle=False), round=4, cross_validation=True, predict=True, fit_kwargs=None, groups=None, refit=False, verbose=False, system=False, metrics=None, display=<pycaret.internal.Display.Display object at 0x0000024C8A2BF2E0>, kwargs={})
2020-12-03 23:52:01,697:INFO:Checking exceptions
2020-12-03 23:52:01,697:INFO:Importing libraries
2020-12-03 23:52:01,697:INFO:Copying training dataset
2020-12-03 23:52:01,698:INFO:Defining folds
2020-12-03 23:52:01,698:INFO:Declaring metric variables
2020-12-03 23:52:01,705:INFO:Importing untrained model
2020-12-03 23:52:01,705:INFO:Declaring custom model
2020-12-03 23:52:01,711:INFO:CatBoost Classifier Imported succesfully
2020-12-03 23:52:01,725:INFO:Starting cross validation
2020-12-03 23:52:01,725:INFO:Cross validating with StratifiedKFold(n_splits=10, random_state=42, shuffle=False), n_jobs=-1
2020-12-03 23:52:08,391:INFO:Calculating mean and std
2020-12-03 23:52:08,392:INFO:Creating metrics dataframe
2020-12-03 23:52:08,395:INFO:Uploading results into container
2020-12-03 23:52:08,395:INFO:Uploading model into container now
2020-12-03 23:52:08,395:INFO:create_model_container: 16
2020-12-03 23:52:08,395:INFO:master_model_container: 16
2020-12-03 23:52:08,395:INFO:display_container: 1
2020-12-03 23:52:08,395:INFO:<catboost.core.CatBoostClassifier object at 0x0000024CB23877F0>
2020-12-03 23:52:08,395:INFO:create_model() succesfully completed......................................
2020-12-03 23:52:08,461:INFO:SubProcess create_model() end ==================================
2020-12-03 23:52:08,462:INFO:Creating metrics dataframe
2020-12-03 23:52:08,520:INFO:Initializing create_model()
2020-12-03 23:52:08,520:INFO:create_model(estimator=<catboost.core.CatBoostClassifier object at 0x0000024CB23877F0>, fold=StratifiedKFold(n_splits=10, random_state=42, shuffle=False), round=4, cross_validation=False, predict=False, fit_kwargs={}, groups=None, refit=True, verbose=False, system=False, metrics=None, display=None, kwargs={})
2020-12-03 23:52:08,520:INFO:Checking exceptions
2020-12-03 23:52:08,520:INFO:Importing libraries
2020-12-03 23:52:08,520:INFO:Copying training dataset
2020-12-03 23:52:08,521:INFO:Defining folds
2020-12-03 23:52:08,521:INFO:Declaring metric variables
2020-12-03 23:52:08,521:INFO:Importing untrained model
2020-12-03 23:52:08,521:INFO:Declaring custom model
2020-12-03 23:52:08,522:INFO:CatBoost Classifier Imported succesfully
2020-12-03 23:52:08,522:INFO:Cross validation set to False
2020-12-03 23:52:08,522:INFO:Fitting Model
2020-12-03 23:52:15,299:INFO:<catboost.core.CatBoostClassifier object at 0x0000024CB23D82B0>
2020-12-03 23:52:15,299:INFO:create_models() succesfully completed......................................
2020-12-03 23:52:15,461:INFO:create_model_container: 16
2020-12-03 23:52:15,461:INFO:master_model_container: 16
2020-12-03 23:52:15,461:INFO:display_container: 1
2020-12-03 23:52:15,461:INFO:<catboost.core.CatBoostClassifier object at 0x0000024CB23D82B0>
2020-12-03 23:52:15,461:INFO:compare_models() succesfully completed......................................
2020-12-03 23:55:44,711:INFO:Initializing create_model()
2020-12-03 23:55:44,712:INFO:create_model(estimator=catboost, fold=None, round=4, cross_validation=True, predict=True, fit_kwargs=None, groups=None, refit=True, verbose=True, system=True, metrics=None, display=None, kwargs={})
2020-12-03 23:55:44,712:INFO:Checking exceptions
2020-12-03 23:55:44,712:INFO:Preparing display monitor
2020-12-03 23:55:44,728:INFO:Importing libraries
2020-12-03 23:55:44,728:INFO:Copying training dataset
2020-12-03 23:55:44,729:INFO:Defining folds
2020-12-03 23:55:44,729:INFO:Declaring metric variables
2020-12-03 23:55:44,735:INFO:Importing untrained model
2020-12-03 23:55:44,741:INFO:CatBoost Classifier Imported succesfully
2020-12-03 23:55:44,755:INFO:Starting cross validation
2020-12-03 23:55:44,755:INFO:Cross validating with StratifiedKFold(n_splits=10, random_state=42, shuffle=False), n_jobs=-1
2020-12-03 23:55:51,511:INFO:Calculating mean and std
2020-12-03 23:55:51,512:INFO:Creating metrics dataframe
2020-12-03 23:55:51,521:INFO:Finalizing model
2020-12-03 23:55:58,131:INFO:Uploading results into container
2020-12-03 23:55:58,131:INFO:Uploading model into container now
2020-12-03 23:55:58,162:INFO:create_model_container: 17
2020-12-03 23:55:58,162:INFO:master_model_container: 17
2020-12-03 23:55:58,162:INFO:display_container: 2
2020-12-03 23:55:58,162:INFO:<catboost.core.CatBoostClassifier object at 0x0000024CB237C3A0>
2020-12-03 23:55:58,162:INFO:create_model() succesfully completed......................................
2020-12-03 23:58:18,523:INFO:Initializing tune_model()
2020-12-03 23:58:18,523:INFO:tune_model(estimator=ada, fold=None, round=4, n_iter=10, custom_grid=None, optimize=Accuracy, custom_scorer=None, search_library=scikit-learn, search_algorithm=None, early_stopping=False, early_stopping_max_iters=10, choose_better=False, fit_kwargs=None, groups=None, return_tuner=False, verbose=True, tuner_verbose=True, display=None, kwargs={})
2020-12-03 23:58:18,523:INFO:Checking exceptions
2020-12-03 23:58:56,678:INFO:Initializing tune_model()
2020-12-03 23:58:56,678:INFO:tune_model(estimator=catboost, fold=None, round=4, n_iter=10, custom_grid=None, optimize=Accuracy, custom_scorer=None, search_library=scikit-learn, search_algorithm=None, early_stopping=False, early_stopping_max_iters=10, choose_better=False, fit_kwargs=None, groups=None, return_tuner=False, verbose=True, tuner_verbose=True, display=None, kwargs={})
2020-12-03 23:58:56,678:INFO:Checking exceptions
2020-12-04 00:03:56,488:INFO:Initializing create_model()
2020-12-04 00:03:56,489:INFO:create_model(estimator=gbc, fold=None, round=4, cross_validation=True, predict=True, fit_kwargs=None, groups=None, refit=True, verbose=True, system=True, metrics=None, display=None, kwargs={})
2020-12-04 00:03:56,489:INFO:Checking exceptions
2020-12-04 00:03:56,489:INFO:Preparing display monitor
2020-12-04 00:03:56,504:INFO:Importing libraries
2020-12-04 00:03:56,504:INFO:Copying training dataset
2020-12-04 00:03:56,505:INFO:Defining folds
2020-12-04 00:03:56,505:INFO:Declaring metric variables
2020-12-04 00:03:56,511:INFO:Importing untrained model
2020-12-04 00:03:56,518:INFO:Gradient Boosting Classifier Imported succesfully
2020-12-04 00:03:56,531:INFO:Starting cross validation
2020-12-04 00:03:56,532:INFO:Cross validating with StratifiedKFold(n_splits=10, random_state=42, shuffle=False), n_jobs=-1
2020-12-04 00:04:01,261:INFO:Calculating mean and std
2020-12-04 00:04:01,262:INFO:Creating metrics dataframe
2020-12-04 00:04:01,274:INFO:Finalizing model
2020-12-04 00:04:01,376:INFO:Uploading results into container
2020-12-04 00:04:01,376:INFO:Uploading model into container now
2020-12-04 00:04:01,411:INFO:create_model_container: 18
2020-12-04 00:04:01,411:INFO:master_model_container: 18
2020-12-04 00:04:01,411:INFO:display_container: 3
2020-12-04 00:04:01,412:INFO:GradientBoostingClassifier(ccp_alpha=0.0, criterion='friedman_mse', init=None,
                           learning_rate=0.1, loss='deviance', max_depth=3,
                           max_features=None, max_leaf_nodes=None,
                           min_impurity_decrease=0.0, min_impurity_split=None,
                           min_samples_leaf=1, min_samples_split=2,
                           min_weight_fraction_leaf=0.0, n_estimators=100,
                           n_iter_no_change=None, presort='deprecated',
                           random_state=42, subsample=1.0, tol=0.0001,
                           validation_fraction=0.1, verbose=0,
                           warm_start=False)
2020-12-04 00:04:01,412:INFO:create_model() succesfully completed......................................
2020-12-04 00:04:28,662:INFO:Initializing tune_model()
2020-12-04 00:04:28,662:INFO:tune_model(estimator=gbc, fold=None, round=4, n_iter=10, custom_grid=None, optimize=Accuracy, custom_scorer=None, search_library=scikit-learn, search_algorithm=None, early_stopping=False, early_stopping_max_iters=10, choose_better=False, fit_kwargs=None, groups=None, return_tuner=False, verbose=True, tuner_verbose=True, display=None, kwargs={})
2020-12-04 00:04:28,662:INFO:Checking exceptions
2020-12-04 00:05:31,867:INFO:Initializing create_model()
2020-12-04 00:05:31,867:INFO:create_model(estimator=lr, fold=None, round=4, cross_validation=True, predict=True, fit_kwargs=None, groups=None, refit=True, verbose=True, system=True, metrics=None, display=None, kwargs={})
2020-12-04 00:05:31,868:INFO:Checking exceptions
2020-12-04 00:05:31,868:INFO:Preparing display monitor
2020-12-04 00:05:31,882:INFO:Importing libraries
2020-12-04 00:05:31,882:INFO:Copying training dataset
2020-12-04 00:05:31,883:INFO:Defining folds
2020-12-04 00:05:31,884:INFO:Declaring metric variables
2020-12-04 00:05:31,890:INFO:Importing untrained model
2020-12-04 00:05:31,896:INFO:Logistic Regression Imported succesfully
2020-12-04 00:05:31,909:INFO:Starting cross validation
2020-12-04 00:05:31,910:INFO:Cross validating with StratifiedKFold(n_splits=10, random_state=42, shuffle=False), n_jobs=-1
2020-12-04 00:05:34,887:INFO:Calculating mean and std
2020-12-04 00:05:34,888:INFO:Creating metrics dataframe
2020-12-04 00:05:34,901:INFO:Finalizing model
2020-12-04 00:05:34,980:INFO:Uploading results into container
2020-12-04 00:05:34,980:INFO:Uploading model into container now
2020-12-04 00:05:35,012:INFO:create_model_container: 19
2020-12-04 00:05:35,012:INFO:master_model_container: 19
2020-12-04 00:05:35,012:INFO:display_container: 4
2020-12-04 00:05:35,013:INFO:LogisticRegression(C=1.0, class_weight=None, dual=False, fit_intercept=True,
                   intercept_scaling=1, l1_ratio=None, max_iter=1000,
                   multi_class='auto', n_jobs=None, penalty='l2',
                   random_state=42, solver='lbfgs', tol=0.0001, verbose=0,
                   warm_start=False)
2020-12-04 00:05:35,013:INFO:create_model() succesfully completed......................................
2020-12-04 00:05:38,663:INFO:Initializing tune_model()
2020-12-04 00:05:38,663:INFO:tune_model(estimator=lr, fold=None, round=4, n_iter=10, custom_grid=None, optimize=Accuracy, custom_scorer=None, search_library=scikit-learn, search_algorithm=None, early_stopping=False, early_stopping_max_iters=10, choose_better=False, fit_kwargs=None, groups=None, return_tuner=False, verbose=True, tuner_verbose=True, display=None, kwargs={})
2020-12-04 00:05:38,663:INFO:Checking exceptions
2020-12-04 00:07:06,898:INFO:Initializing create_model()
2020-12-04 00:07:06,899:INFO:create_model(estimator=lr, fold=None, round=4, cross_validation=True, predict=True, fit_kwargs=None, groups=None, refit=True, verbose=True, system=True, metrics=None, display=None, kwargs={})
2020-12-04 00:07:06,899:INFO:Checking exceptions
2020-12-04 00:07:06,899:INFO:Preparing display monitor
2020-12-04 00:07:06,914:INFO:Importing libraries
2020-12-04 00:07:06,914:INFO:Copying training dataset
2020-12-04 00:07:06,915:INFO:Defining folds
2020-12-04 00:07:06,916:INFO:Declaring metric variables
2020-12-04 00:07:06,921:INFO:Importing untrained model
2020-12-04 00:07:06,928:INFO:Logistic Regression Imported succesfully
2020-12-04 00:07:06,941:INFO:Starting cross validation
2020-12-04 00:07:06,942:INFO:Cross validating with StratifiedKFold(n_splits=10, random_state=42, shuffle=False), n_jobs=-1
2020-12-04 00:07:07,080:INFO:Calculating mean and std
2020-12-04 00:07:07,081:INFO:Creating metrics dataframe
2020-12-04 00:07:07,091:INFO:Finalizing model
2020-12-04 00:07:07,163:INFO:Uploading results into container
2020-12-04 00:07:07,163:INFO:Uploading model into container now
2020-12-04 00:07:07,194:INFO:create_model_container: 20
2020-12-04 00:07:07,194:INFO:master_model_container: 20
2020-12-04 00:07:07,194:INFO:display_container: 5
2020-12-04 00:07:07,194:INFO:LogisticRegression(C=1.0, class_weight=None, dual=False, fit_intercept=True,
                   intercept_scaling=1, l1_ratio=None, max_iter=1000,
                   multi_class='auto', n_jobs=None, penalty='l2',
                   random_state=42, solver='lbfgs', tol=0.0001, verbose=0,
                   warm_start=False)
2020-12-04 00:07:07,194:INFO:create_model() succesfully completed......................................
2020-12-04 00:07:12,964:INFO:Initializing create_model()
2020-12-04 00:07:12,964:INFO:create_model(estimator=dt, fold=None, round=4, cross_validation=True, predict=True, fit_kwargs=None, groups=None, refit=True, verbose=True, system=True, metrics=None, display=None, kwargs={})
2020-12-04 00:07:12,964:INFO:Checking exceptions
2020-12-04 00:07:12,964:INFO:Preparing display monitor
2020-12-04 00:07:12,980:INFO:Importing libraries
2020-12-04 00:07:12,980:INFO:Copying training dataset
2020-12-04 00:07:12,981:INFO:Defining folds
2020-12-04 00:07:12,981:INFO:Declaring metric variables
2020-12-04 00:07:12,987:INFO:Importing untrained model
2020-12-04 00:07:12,993:INFO:Decision Tree Classifier Imported succesfully
2020-12-04 00:07:13,007:INFO:Starting cross validation
2020-12-04 00:07:13,008:INFO:Cross validating with StratifiedKFold(n_splits=10, random_state=42, shuffle=False), n_jobs=-1
2020-12-04 00:07:13,057:INFO:Calculating mean and std
2020-12-04 00:07:13,058:INFO:Creating metrics dataframe
2020-12-04 00:07:13,068:INFO:Finalizing model
2020-12-04 00:07:13,072:INFO:Uploading results into container
2020-12-04 00:07:13,072:INFO:Uploading model into container now
2020-12-04 00:07:13,102:INFO:create_model_container: 21
2020-12-04 00:07:13,102:INFO:master_model_container: 21
2020-12-04 00:07:13,103:INFO:display_container: 6
2020-12-04 00:07:13,103:INFO:DecisionTreeClassifier(ccp_alpha=0.0, class_weight=None, criterion='gini',
                       max_depth=None, max_features=None, max_leaf_nodes=None,
                       min_impurity_decrease=0.0, min_impurity_split=None,
                       min_samples_leaf=1, min_samples_split=2,
                       min_weight_fraction_leaf=0.0, presort='deprecated',
                       random_state=42, splitter='best')
2020-12-04 00:07:13,103:INFO:create_model() succesfully completed......................................
2020-12-04 00:11:40,112:INFO:Initializing create_model()
2020-12-04 00:11:40,112:INFO:create_model(estimator=catboost, fold=None, round=4, cross_validation=True, predict=True, fit_kwargs=None, groups=None, refit=True, verbose=True, system=True, metrics=None, display=None, kwargs={})
2020-12-04 00:11:40,112:INFO:Checking exceptions
2020-12-04 00:11:40,113:INFO:Preparing display monitor
2020-12-04 00:11:40,128:INFO:Importing libraries
2020-12-04 00:11:40,128:INFO:Copying training dataset
2020-12-04 00:11:40,129:INFO:Defining folds
2020-12-04 00:11:40,129:INFO:Declaring metric variables
2020-12-04 00:11:40,135:INFO:Importing untrained model
2020-12-04 00:11:40,142:INFO:CatBoost Classifier Imported succesfully
2020-12-04 00:11:40,155:INFO:Starting cross validation
2020-12-04 00:11:40,155:INFO:Cross validating with StratifiedKFold(n_splits=10, random_state=42, shuffle=False), n_jobs=-1
2020-12-04 00:11:47,147:INFO:Calculating mean and std
2020-12-04 00:11:47,148:INFO:Creating metrics dataframe
2020-12-04 00:11:47,159:INFO:Finalizing model
2020-12-04 00:11:52,663:INFO:Uploading results into container
2020-12-04 00:11:52,664:INFO:Uploading model into container now
2020-12-04 00:11:52,694:INFO:create_model_container: 22
2020-12-04 00:11:52,694:INFO:master_model_container: 22
2020-12-04 00:11:52,694:INFO:display_container: 7
2020-12-04 00:11:52,695:INFO:<catboost.core.CatBoostClassifier object at 0x0000024CB23B9A30>
2020-12-04 00:11:52,695:INFO:create_model() succesfully completed......................................
2020-12-04 00:12:00,098:INFO:Initializing tune_model()
2020-12-04 00:12:00,098:INFO:tune_model(estimator=<catboost.core.CatBoostClassifier object at 0x0000024CB23B9A30>, fold=None, round=4, n_iter=10, custom_grid=None, optimize=Accuracy, custom_scorer=None, search_library=scikit-learn, search_algorithm=None, early_stopping=False, early_stopping_max_iters=10, choose_better=False, fit_kwargs=None, groups=None, return_tuner=False, verbose=True, tuner_verbose=True, display=None, kwargs={})
2020-12-04 00:12:00,098:INFO:Checking exceptions
2020-12-04 00:12:00,099:INFO:Preparing display monitor
2020-12-04 00:12:00,113:INFO:Copying training dataset
2020-12-04 00:12:00,114:INFO:Checking base model
2020-12-04 00:12:00,114:INFO:Base model : CatBoost Classifier
2020-12-04 00:12:00,120:INFO:Declaring metric variables
2020-12-04 00:12:00,126:INFO:Defining Hyperparameters
2020-12-04 00:12:00,195:INFO:Tuning with n_jobs=-1
2020-12-04 00:12:00,195:INFO:Initializing RandomizedSearchCV
2020-12-04 00:12:19,986:INFO:best_params: {'actual_estimator__random_strength': 0.7, 'actual_estimator__n_estimators': 240, 'actual_estimator__l2_leaf_reg': 30, 'actual_estimator__depth': 3}
2020-12-04 00:12:19,986:INFO:Random search completed
2020-12-04 00:12:19,986:INFO:SubProcess create_model() called ==================================
2020-12-04 00:12:19,987:INFO:Initializing create_model()
2020-12-04 00:12:19,987:INFO:create_model(estimator=<catboost.core.CatBoostClassifier object at 0x0000024CB23CAC40>, fold=StratifiedKFold(n_splits=10, random_state=42, shuffle=False), round=4, cross_validation=True, predict=True, fit_kwargs={}, groups=None, refit=True, verbose=True, system=False, metrics=None, display=<pycaret.internal.Display.Display object at 0x0000024CB110D2E0>, kwargs={'random_strength': 0.7, 'n_estimators': 240, 'l2_leaf_reg': 30, 'depth': 3})
2020-12-04 00:12:19,987:INFO:Checking exceptions
2020-12-04 00:12:19,987:INFO:Importing libraries
2020-12-04 00:12:19,987:INFO:Copying training dataset
2020-12-04 00:12:19,988:INFO:Defining folds
2020-12-04 00:12:19,988:INFO:Declaring metric variables
2020-12-04 00:12:19,994:INFO:Importing untrained model
2020-12-04 00:12:19,995:INFO:Declaring custom model
2020-12-04 00:12:20,001:INFO:CatBoost Classifier Imported succesfully
2020-12-04 00:12:20,014:INFO:Starting cross validation
2020-12-04 00:12:20,015:INFO:Cross validating with StratifiedKFold(n_splits=10, random_state=42, shuffle=False), n_jobs=-1
2020-12-04 00:12:21,034:INFO:Calculating mean and std
2020-12-04 00:12:21,035:INFO:Creating metrics dataframe
2020-12-04 00:12:21,044:INFO:Finalizing model
2020-12-04 00:12:21,302:INFO:Uploading results into container
2020-12-04 00:12:21,302:INFO:Uploading model into container now
2020-12-04 00:12:21,303:INFO:create_model_container: 23
2020-12-04 00:12:21,303:INFO:master_model_container: 23
2020-12-04 00:12:21,303:INFO:display_container: 8
2020-12-04 00:12:21,303:INFO:<catboost.core.CatBoostClassifier object at 0x0000024CB23F9430>
2020-12-04 00:12:21,303:INFO:create_model() succesfully completed......................................
2020-12-04 00:12:21,369:INFO:SubProcess create_model() end ==================================
2020-12-04 00:12:21,400:INFO:create_model_container: 23
2020-12-04 00:12:21,400:INFO:master_model_container: 23
2020-12-04 00:12:21,400:INFO:display_container: 8
2020-12-04 00:12:21,400:INFO:<catboost.core.CatBoostClassifier object at 0x0000024CB23F9430>
2020-12-04 00:12:21,400:INFO:tune_model() succesfully completed......................................
2020-12-04 00:12:40,641:INFO:Initializing create_model()
2020-12-04 00:12:40,641:INFO:create_model(estimator=gbc, fold=None, round=4, cross_validation=True, predict=True, fit_kwargs=None, groups=None, refit=True, verbose=True, system=True, metrics=None, display=None, kwargs={})
2020-12-04 00:12:40,641:INFO:Checking exceptions
2020-12-04 00:12:40,641:INFO:Preparing display monitor
2020-12-04 00:12:40,656:INFO:Importing libraries
2020-12-04 00:12:40,656:INFO:Copying training dataset
2020-12-04 00:12:40,657:INFO:Defining folds
2020-12-04 00:12:40,657:INFO:Declaring metric variables
2020-12-04 00:12:40,663:INFO:Importing untrained model
2020-12-04 00:12:40,669:INFO:Gradient Boosting Classifier Imported succesfully
2020-12-04 00:12:40,682:INFO:Starting cross validation
2020-12-04 00:12:40,683:INFO:Cross validating with StratifiedKFold(n_splits=10, random_state=42, shuffle=False), n_jobs=-1
2020-12-04 00:12:40,828:INFO:Calculating mean and std
2020-12-04 00:12:40,829:INFO:Creating metrics dataframe
2020-12-04 00:12:40,838:INFO:Finalizing model
2020-12-04 00:12:40,926:INFO:Uploading results into container
2020-12-04 00:12:40,926:INFO:Uploading model into container now
2020-12-04 00:12:40,958:INFO:create_model_container: 24
2020-12-04 00:12:40,958:INFO:master_model_container: 24
2020-12-04 00:12:40,958:INFO:display_container: 9
2020-12-04 00:12:40,959:INFO:GradientBoostingClassifier(ccp_alpha=0.0, criterion='friedman_mse', init=None,
                           learning_rate=0.1, loss='deviance', max_depth=3,
                           max_features=None, max_leaf_nodes=None,
                           min_impurity_decrease=0.0, min_impurity_split=None,
                           min_samples_leaf=1, min_samples_split=2,
                           min_weight_fraction_leaf=0.0, n_estimators=100,
                           n_iter_no_change=None, presort='deprecated',
                           random_state=42, subsample=1.0, tol=0.0001,
                           validation_fraction=0.1, verbose=0,
                           warm_start=False)
2020-12-04 00:12:40,959:INFO:create_model() succesfully completed......................................
2020-12-04 00:12:56,706:INFO:Initializing tune_model()
2020-12-04 00:12:56,706:INFO:tune_model(estimator=GradientBoostingClassifier(ccp_alpha=0.0, criterion='friedman_mse', init=None,
                           learning_rate=0.1, loss='deviance', max_depth=3,
                           max_features=None, max_leaf_nodes=None,
                           min_impurity_decrease=0.0, min_impurity_split=None,
                           min_samples_leaf=1, min_samples_split=2,
                           min_weight_fraction_leaf=0.0, n_estimators=100,
                           n_iter_no_change=None, presort='deprecated',
                           random_state=42, subsample=1.0, tol=0.0001,
                           validation_fraction=0.1, verbose=0,
                           warm_start=False), fold=None, round=4, n_iter=10, custom_grid=None, optimize=Accuracy, custom_scorer=None, search_library=scikit-learn, search_algorithm=None, early_stopping=False, early_stopping_max_iters=10, choose_better=False, fit_kwargs=None, groups=None, return_tuner=False, verbose=True, tuner_verbose=True, display=None, kwargs={})
2020-12-04 00:12:56,706:INFO:Checking exceptions
2020-12-04 00:12:56,707:INFO:Preparing display monitor
2020-12-04 00:12:56,722:INFO:Copying training dataset
2020-12-04 00:12:56,723:INFO:Checking base model
2020-12-04 00:12:56,723:INFO:Base model : Gradient Boosting Classifier
2020-12-04 00:12:56,730:INFO:Declaring metric variables
2020-12-04 00:12:56,736:INFO:Defining Hyperparameters
2020-12-04 00:12:56,804:INFO:Tuning with n_jobs=-1
2020-12-04 00:12:56,804:INFO:Initializing RandomizedSearchCV
2020-12-04 00:12:58,158:INFO:best_params: {'actual_estimator__subsample': 0.9, 'actual_estimator__n_estimators': 100, 'actual_estimator__min_samples_split': 2, 'actual_estimator__min_samples_leaf': 1, 'actual_estimator__min_impurity_decrease': 0.4, 'actual_estimator__max_features': 'log2', 'actual_estimator__max_depth': 8, 'actual_estimator__learning_rate': 0.452}
2020-12-04 00:12:58,158:INFO:Random search completed
2020-12-04 00:12:58,158:INFO:SubProcess create_model() called ==================================
2020-12-04 00:12:58,159:INFO:Initializing create_model()
2020-12-04 00:12:58,159:INFO:create_model(estimator=GradientBoostingClassifier(ccp_alpha=0.0, criterion='friedman_mse', init=None,
                           learning_rate=0.1, loss='deviance', max_depth=3,
                           max_features=None, max_leaf_nodes=None,
                           min_impurity_decrease=0.0, min_impurity_split=None,
                           min_samples_leaf=1, min_samples_split=2,
                           min_weight_fraction_leaf=0.0, n_estimators=100,
                           n_iter_no_change=None, presort='deprecated',
                           random_state=42, subsample=1.0, tol=0.0001,
                           validation_fraction=0.1, verbose=0,
                           warm_start=False), fold=StratifiedKFold(n_splits=10, random_state=42, shuffle=False), round=4, cross_validation=True, predict=True, fit_kwargs={}, groups=None, refit=True, verbose=True, system=False, metrics=None, display=<pycaret.internal.Display.Display object at 0x0000024C8C324CA0>, kwargs={'subsample': 0.9, 'n_estimators': 100, 'min_samples_split': 2, 'min_samples_leaf': 1, 'min_impurity_decrease': 0.4, 'max_features': 'log2', 'max_depth': 8, 'learning_rate': 0.452})
2020-12-04 00:12:58,159:INFO:Checking exceptions
2020-12-04 00:12:58,159:INFO:Importing libraries
2020-12-04 00:12:58,159:INFO:Copying training dataset
2020-12-04 00:12:58,160:INFO:Defining folds
2020-12-04 00:12:58,160:INFO:Declaring metric variables
2020-12-04 00:12:58,167:INFO:Importing untrained model
2020-12-04 00:12:58,167:INFO:Declaring custom model
2020-12-04 00:12:58,175:INFO:Gradient Boosting Classifier Imported succesfully
2020-12-04 00:12:58,189:INFO:Starting cross validation
2020-12-04 00:12:58,190:INFO:Cross validating with StratifiedKFold(n_splits=10, random_state=42, shuffle=False), n_jobs=-1
2020-12-04 00:12:58,293:INFO:Calculating mean and std
2020-12-04 00:12:58,294:INFO:Creating metrics dataframe
2020-12-04 00:12:58,304:INFO:Finalizing model
2020-12-04 00:12:58,348:INFO:Uploading results into container
2020-12-04 00:12:58,348:INFO:Uploading model into container now
2020-12-04 00:12:58,348:INFO:create_model_container: 25
2020-12-04 00:12:58,348:INFO:master_model_container: 25
2020-12-04 00:12:58,348:INFO:display_container: 10
2020-12-04 00:12:58,349:INFO:GradientBoostingClassifier(ccp_alpha=0.0, criterion='friedman_mse', init=None,
                           learning_rate=0.452, loss='deviance', max_depth=8,
                           max_features='log2', max_leaf_nodes=None,
                           min_impurity_decrease=0.4, min_impurity_split=None,
                           min_samples_leaf=1, min_samples_split=2,
                           min_weight_fraction_leaf=0.0, n_estimators=100,
                           n_iter_no_change=None, presort='deprecated',
                           random_state=42, subsample=0.9, tol=0.0001,
                           validation_fraction=0.1, verbose=0,
                           warm_start=False)
2020-12-04 00:12:58,349:INFO:create_model() succesfully completed......................................
2020-12-04 00:12:58,416:INFO:SubProcess create_model() end ==================================
2020-12-04 00:12:58,446:INFO:create_model_container: 25
2020-12-04 00:12:58,446:INFO:master_model_container: 25
2020-12-04 00:12:58,446:INFO:display_container: 10
2020-12-04 00:12:58,447:INFO:GradientBoostingClassifier(ccp_alpha=0.0, criterion='friedman_mse', init=None,
                           learning_rate=0.452, loss='deviance', max_depth=8,
                           max_features='log2', max_leaf_nodes=None,
                           min_impurity_decrease=0.4, min_impurity_split=None,
                           min_samples_leaf=1, min_samples_split=2,
                           min_weight_fraction_leaf=0.0, n_estimators=100,
                           n_iter_no_change=None, presort='deprecated',
                           random_state=42, subsample=0.9, tol=0.0001,
                           validation_fraction=0.1, verbose=0,
                           warm_start=False)
2020-12-04 00:12:58,447:INFO:tune_model() succesfully completed......................................
2020-12-04 00:14:01,582:INFO:Initializing finalize_model()
2020-12-04 00:14:01,582:INFO:finalize_model(estimator=<catboost.core.CatBoostClassifier object at 0x0000024CB23F9430>, fit_kwargs=None, groups=None, model_only=True, display=None)
2020-12-04 00:14:01,582:INFO:Finalizing <catboost.core.CatBoostClassifier object at 0x0000024CB23F9430>
2020-12-04 00:14:01,583:INFO:Initializing create_model()
2020-12-04 00:14:01,583:INFO:create_model(estimator=<catboost.core.CatBoostClassifier object at 0x0000024CB23F9430>, fold=None, round=4, cross_validation=True, predict=True, fit_kwargs={}, groups=None, refit=True, verbose=False, system=False, metrics=None, display=None, kwargs={})
2020-12-04 00:14:01,583:INFO:Checking exceptions
2020-12-04 00:14:01,583:INFO:Importing libraries
2020-12-04 00:14:01,583:INFO:Copying training dataset
2020-12-04 00:14:01,583:INFO:Defining folds
2020-12-04 00:14:01,583:INFO:Declaring metric variables
2020-12-04 00:14:01,583:INFO:Importing untrained model
2020-12-04 00:14:01,583:INFO:Declaring custom model
2020-12-04 00:14:01,584:INFO:CatBoost Classifier Imported succesfully
2020-12-04 00:14:01,584:INFO:Starting cross validation
2020-12-04 00:14:01,584:INFO:Cross validating with StratifiedKFold(n_splits=10, random_state=42, shuffle=False), n_jobs=-1
2020-12-04 00:14:02,587:INFO:Calculating mean and std
2020-12-04 00:14:02,588:INFO:Creating metrics dataframe
2020-12-04 00:14:02,591:INFO:Finalizing model
2020-12-04 00:14:02,909:INFO:Uploading results into container
2020-12-04 00:14:02,909:INFO:Uploading model into container now
2020-12-04 00:14:02,909:INFO:create_model_container: 26
2020-12-04 00:14:02,909:INFO:master_model_container: 26
2020-12-04 00:14:02,909:INFO:display_container: 11
2020-12-04 00:14:02,909:INFO:<catboost.core.CatBoostClassifier object at 0x0000024CB4DBF7C0>
2020-12-04 00:14:02,909:INFO:create_model() succesfully completed......................................
2020-12-04 00:14:03,021:INFO:create_model_container: 26
2020-12-04 00:14:03,021:INFO:master_model_container: 26
2020-12-04 00:14:03,021:INFO:display_container: 10
2020-12-04 00:14:03,021:INFO:<catboost.core.CatBoostClassifier object at 0x0000024CB4DBF7C0>
2020-12-04 00:14:03,022:INFO:finalize_model() succesfully completed......................................
2020-12-04 00:14:03,120:INFO:Initializing predict_model()
2020-12-04 00:14:03,120:INFO:predict_model(estimator=<catboost.core.CatBoostClassifier object at 0x0000024CB4DBF7C0>, probability_threshold=None, encoded_labels=False, round=4, verbose=True, ml_usecase=MLUsecase.CLASSIFICATION, display=None)
2020-12-04 00:14:03,120:INFO:Checking exceptions
2020-12-04 00:14:03,120:INFO:Preloading libraries
2020-12-04 00:14:03,120:INFO:Preparing display monitor
2020-12-04 00:20:24,287:INFO:Initializing finalize_model()
2020-12-04 00:20:24,287:INFO:finalize_model(estimator=<catboost.core.CatBoostClassifier object at 0x0000024CB23F9430>, fit_kwargs=None, groups=None, model_only=True, display=None)
2020-12-04 00:20:24,287:INFO:Finalizing <catboost.core.CatBoostClassifier object at 0x0000024CB23F9430>
2020-12-04 00:20:24,288:INFO:Initializing create_model()
2020-12-04 00:20:24,288:INFO:create_model(estimator=<catboost.core.CatBoostClassifier object at 0x0000024CB23F9430>, fold=None, round=4, cross_validation=True, predict=True, fit_kwargs={}, groups=None, refit=True, verbose=False, system=False, metrics=None, display=None, kwargs={})
2020-12-04 00:20:24,288:INFO:Checking exceptions
2020-12-04 00:20:24,288:INFO:Importing libraries
2020-12-04 00:20:24,288:INFO:Copying training dataset
2020-12-04 00:20:24,288:INFO:Defining folds
2020-12-04 00:20:24,288:INFO:Declaring metric variables
2020-12-04 00:20:24,288:INFO:Importing untrained model
2020-12-04 00:20:24,288:INFO:Declaring custom model
2020-12-04 00:20:24,289:INFO:CatBoost Classifier Imported succesfully
2020-12-04 00:20:24,289:INFO:Starting cross validation
2020-12-04 00:20:24,289:INFO:Cross validating with StratifiedKFold(n_splits=10, random_state=42, shuffle=False), n_jobs=-1
2020-12-04 00:20:29,226:INFO:Calculating mean and std
2020-12-04 00:20:29,226:INFO:Creating metrics dataframe
2020-12-04 00:20:29,229:INFO:Finalizing model
2020-12-04 00:20:29,528:INFO:Uploading results into container
2020-12-04 00:20:29,528:INFO:Uploading model into container now
2020-12-04 00:20:29,528:INFO:create_model_container: 27
2020-12-04 00:20:29,528:INFO:master_model_container: 27
2020-12-04 00:20:29,528:INFO:display_container: 11
2020-12-04 00:20:29,528:INFO:<catboost.core.CatBoostClassifier object at 0x0000024CB481A1C0>
2020-12-04 00:20:29,528:INFO:create_model() succesfully completed......................................
2020-12-04 00:20:29,629:INFO:create_model_container: 27
2020-12-04 00:20:29,629:INFO:master_model_container: 27
2020-12-04 00:20:29,629:INFO:display_container: 10
2020-12-04 00:20:29,629:INFO:<catboost.core.CatBoostClassifier object at 0x0000024CB481A1C0>
2020-12-04 00:20:29,630:INFO:finalize_model() succesfully completed......................................
2020-12-04 00:20:29,727:INFO:Initializing predict_model()
2020-12-04 00:20:29,727:INFO:predict_model(estimator=<catboost.core.CatBoostClassifier object at 0x0000024CB481A1C0>, probability_threshold=None, encoded_labels=False, round=4, verbose=True, ml_usecase=MLUsecase.CLASSIFICATION, display=None)
2020-12-04 00:20:29,727:INFO:Checking exceptions
2020-12-04 00:20:29,727:INFO:Preloading libraries
2020-12-04 00:20:29,727:INFO:Preparing display monitor
2020-12-04 00:28:32,703:INFO:Initializing finalize_model()
2020-12-04 00:28:32,703:INFO:finalize_model(estimator=<catboost.core.CatBoostClassifier object at 0x0000024CB23F9430>, fit_kwargs=None, groups=None, model_only=True, display=None)
2020-12-04 00:28:32,704:INFO:Finalizing <catboost.core.CatBoostClassifier object at 0x0000024CB23F9430>
2020-12-04 00:28:32,704:INFO:Initializing create_model()
2020-12-04 00:28:32,704:INFO:create_model(estimator=<catboost.core.CatBoostClassifier object at 0x0000024CB23F9430>, fold=None, round=4, cross_validation=True, predict=True, fit_kwargs={}, groups=None, refit=True, verbose=False, system=False, metrics=None, display=None, kwargs={})
2020-12-04 00:28:32,704:INFO:Checking exceptions
2020-12-04 00:28:32,704:INFO:Importing libraries
2020-12-04 00:28:32,704:INFO:Copying training dataset
2020-12-04 00:28:32,704:INFO:Defining folds
2020-12-04 00:28:32,705:INFO:Declaring metric variables
2020-12-04 00:28:32,705:INFO:Importing untrained model
2020-12-04 00:28:32,705:INFO:Declaring custom model
2020-12-04 00:28:32,705:INFO:CatBoost Classifier Imported succesfully
2020-12-04 00:28:32,705:INFO:Starting cross validation
2020-12-04 00:28:32,706:INFO:Cross validating with StratifiedKFold(n_splits=10, random_state=42, shuffle=False), n_jobs=-1
2020-12-04 00:28:38,240:INFO:Calculating mean and std
2020-12-04 00:28:38,241:INFO:Creating metrics dataframe
2020-12-04 00:28:38,247:INFO:Finalizing model
2020-12-04 00:28:38,527:INFO:Uploading results into container
2020-12-04 00:28:38,527:INFO:Uploading model into container now
2020-12-04 00:28:38,527:INFO:create_model_container: 28
2020-12-04 00:28:38,527:INFO:master_model_container: 28
2020-12-04 00:28:38,527:INFO:display_container: 11
2020-12-04 00:28:38,527:INFO:<catboost.core.CatBoostClassifier object at 0x0000024CB4C7F610>
2020-12-04 00:28:38,527:INFO:create_model() succesfully completed......................................
2020-12-04 00:28:38,626:INFO:create_model_container: 28
2020-12-04 00:28:38,626:INFO:master_model_container: 28
2020-12-04 00:28:38,626:INFO:display_container: 10
2020-12-04 00:28:38,626:INFO:<catboost.core.CatBoostClassifier object at 0x0000024CB4C7F610>
2020-12-04 00:28:38,626:INFO:finalize_model() succesfully completed......................................
2020-12-04 00:28:38,725:INFO:Initializing predict_model()
2020-12-04 00:28:38,725:INFO:predict_model(estimator=<catboost.core.CatBoostClassifier object at 0x0000024CB4C7F610>, probability_threshold=None, encoded_labels=False, round=4, verbose=True, ml_usecase=MLUsecase.CLASSIFICATION, display=None)
2020-12-04 00:28:38,725:INFO:Checking exceptions
2020-12-04 00:28:38,725:INFO:Preloading libraries
2020-12-04 00:28:38,725:INFO:Preparing display monitor
2020-12-04 00:28:57,100:INFO:Initializing finalize_model()
2020-12-04 00:28:57,101:INFO:finalize_model(estimator=<catboost.core.CatBoostClassifier object at 0x0000024CB23F9430>, fit_kwargs=None, groups=None, model_only=True, display=None)
2020-12-04 00:28:57,101:INFO:Finalizing <catboost.core.CatBoostClassifier object at 0x0000024CB23F9430>
2020-12-04 00:28:57,101:INFO:Initializing create_model()
2020-12-04 00:28:57,101:INFO:create_model(estimator=<catboost.core.CatBoostClassifier object at 0x0000024CB23F9430>, fold=None, round=4, cross_validation=True, predict=True, fit_kwargs={}, groups=None, refit=True, verbose=False, system=False, metrics=None, display=None, kwargs={})
2020-12-04 00:28:57,101:INFO:Checking exceptions
2020-12-04 00:28:57,102:INFO:Importing libraries
2020-12-04 00:28:57,102:INFO:Copying training dataset
2020-12-04 00:28:57,102:INFO:Defining folds
2020-12-04 00:28:57,102:INFO:Declaring metric variables
2020-12-04 00:28:57,102:INFO:Importing untrained model
2020-12-04 00:28:57,102:INFO:Declaring custom model
2020-12-04 00:28:57,102:INFO:CatBoost Classifier Imported succesfully
2020-12-04 00:28:57,103:INFO:Starting cross validation
2020-12-04 00:28:57,103:INFO:Cross validating with StratifiedKFold(n_splits=10, random_state=42, shuffle=False), n_jobs=-1
2020-12-04 00:29:01,040:INFO:Calculating mean and std
2020-12-04 00:29:01,040:INFO:Creating metrics dataframe
2020-12-04 00:29:01,043:INFO:Finalizing model
2020-12-04 00:29:01,332:INFO:Uploading results into container
2020-12-04 00:29:01,333:INFO:Uploading model into container now
2020-12-04 00:29:01,333:INFO:create_model_container: 29
2020-12-04 00:29:01,333:INFO:master_model_container: 29
2020-12-04 00:29:01,333:INFO:display_container: 11
2020-12-04 00:29:01,333:INFO:<catboost.core.CatBoostClassifier object at 0x0000024CB4C7F550>
2020-12-04 00:29:01,333:INFO:create_model() succesfully completed......................................
2020-12-04 00:29:01,431:INFO:create_model_container: 29
2020-12-04 00:29:01,431:INFO:master_model_container: 29
2020-12-04 00:29:01,431:INFO:display_container: 10
2020-12-04 00:29:01,431:INFO:<catboost.core.CatBoostClassifier object at 0x0000024CB4C7F550>
2020-12-04 00:29:01,431:INFO:finalize_model() succesfully completed......................................
2020-12-04 00:29:01,528:INFO:Initializing predict_model()
2020-12-04 00:29:01,528:INFO:predict_model(estimator=<catboost.core.CatBoostClassifier object at 0x0000024CB4C7F550>, probability_threshold=None, encoded_labels=False, round=4, verbose=True, ml_usecase=MLUsecase.CLASSIFICATION, display=None)
2020-12-04 00:29:01,528:INFO:Checking exceptions
2020-12-04 00:29:01,528:INFO:Preloading libraries
2020-12-04 00:29:01,528:INFO:Preparing display monitor
2020-12-04 00:29:09,590:INFO:Initializing finalize_model()
2020-12-04 00:29:09,590:INFO:finalize_model(estimator=<catboost.core.CatBoostClassifier object at 0x0000024CB23F9430>, fit_kwargs=None, groups=None, model_only=True, display=None)
2020-12-04 00:29:09,590:INFO:Finalizing <catboost.core.CatBoostClassifier object at 0x0000024CB23F9430>
2020-12-04 00:29:09,590:INFO:Initializing create_model()
2020-12-04 00:29:09,590:INFO:create_model(estimator=<catboost.core.CatBoostClassifier object at 0x0000024CB23F9430>, fold=None, round=4, cross_validation=True, predict=True, fit_kwargs={}, groups=None, refit=True, verbose=False, system=False, metrics=None, display=None, kwargs={})
2020-12-04 00:29:09,590:INFO:Checking exceptions
2020-12-04 00:29:09,591:INFO:Importing libraries
2020-12-04 00:29:09,591:INFO:Copying training dataset
2020-12-04 00:29:09,591:INFO:Defining folds
2020-12-04 00:29:09,591:INFO:Declaring metric variables
2020-12-04 00:29:09,591:INFO:Importing untrained model
2020-12-04 00:29:09,591:INFO:Declaring custom model
2020-12-04 00:29:09,592:INFO:CatBoost Classifier Imported succesfully
2020-12-04 00:29:09,592:INFO:Starting cross validation
2020-12-04 00:29:09,592:INFO:Cross validating with StratifiedKFold(n_splits=10, random_state=42, shuffle=False), n_jobs=-1
2020-12-04 00:29:10,659:INFO:Calculating mean and std
2020-12-04 00:29:10,660:INFO:Creating metrics dataframe
2020-12-04 00:29:10,663:INFO:Finalizing model
2020-12-04 00:29:10,941:INFO:Uploading results into container
2020-12-04 00:29:10,942:INFO:Uploading model into container now
2020-12-04 00:29:10,942:INFO:create_model_container: 30
2020-12-04 00:29:10,942:INFO:master_model_container: 30
2020-12-04 00:29:10,942:INFO:display_container: 11
2020-12-04 00:29:10,942:INFO:<catboost.core.CatBoostClassifier object at 0x0000024CB4887820>
2020-12-04 00:29:10,942:INFO:create_model() succesfully completed......................................
2020-12-04 00:29:11,044:INFO:create_model_container: 30
2020-12-04 00:29:11,044:INFO:master_model_container: 30
2020-12-04 00:29:11,044:INFO:display_container: 10
2020-12-04 00:29:11,045:INFO:<catboost.core.CatBoostClassifier object at 0x0000024CB4887820>
2020-12-04 00:29:11,045:INFO:finalize_model() succesfully completed......................................
2020-12-04 00:29:11,145:INFO:Initializing predict_model()
2020-12-04 00:29:11,146:INFO:predict_model(estimator=<catboost.core.CatBoostClassifier object at 0x0000024CB4887820>, probability_threshold=None, encoded_labels=False, round=4, verbose=True, ml_usecase=MLUsecase.CLASSIFICATION, display=None)
2020-12-04 00:29:11,146:INFO:Checking exceptions
2020-12-04 00:29:11,146:INFO:Preloading libraries
2020-12-04 00:29:11,146:INFO:Preparing display monitor
2020-12-04 00:29:16,630:INFO:Initializing finalize_model()
2020-12-04 00:29:16,630:INFO:finalize_model(estimator=<catboost.core.CatBoostClassifier object at 0x0000024CB23F9430>, fit_kwargs=None, groups=None, model_only=True, display=None)
2020-12-04 00:29:16,630:INFO:Finalizing <catboost.core.CatBoostClassifier object at 0x0000024CB23F9430>
2020-12-04 00:29:16,630:INFO:Initializing create_model()
2020-12-04 00:29:16,630:INFO:create_model(estimator=<catboost.core.CatBoostClassifier object at 0x0000024CB23F9430>, fold=None, round=4, cross_validation=True, predict=True, fit_kwargs={}, groups=None, refit=True, verbose=False, system=False, metrics=None, display=None, kwargs={})
2020-12-04 00:29:16,631:INFO:Checking exceptions
2020-12-04 00:29:16,631:INFO:Importing libraries
2020-12-04 00:29:16,631:INFO:Copying training dataset
2020-12-04 00:29:16,631:INFO:Defining folds
2020-12-04 00:29:16,631:INFO:Declaring metric variables
2020-12-04 00:29:16,631:INFO:Importing untrained model
2020-12-04 00:29:16,631:INFO:Declaring custom model
2020-12-04 00:29:16,632:INFO:CatBoost Classifier Imported succesfully
2020-12-04 00:29:16,632:INFO:Starting cross validation
2020-12-04 00:29:16,632:INFO:Cross validating with StratifiedKFold(n_splits=10, random_state=42, shuffle=False), n_jobs=-1
2020-12-04 00:29:17,634:INFO:Calculating mean and std
2020-12-04 00:29:17,634:INFO:Creating metrics dataframe
2020-12-04 00:29:17,637:INFO:Finalizing model
2020-12-04 00:29:17,920:INFO:Uploading results into container
2020-12-04 00:29:17,920:INFO:Uploading model into container now
2020-12-04 00:29:17,920:INFO:create_model_container: 31
2020-12-04 00:29:17,920:INFO:master_model_container: 31
2020-12-04 00:29:17,921:INFO:display_container: 11
2020-12-04 00:29:17,921:INFO:<catboost.core.CatBoostClassifier object at 0x0000024CB4C7F4C0>
2020-12-04 00:29:17,921:INFO:create_model() succesfully completed......................................
2020-12-04 00:29:18,020:INFO:create_model_container: 31
2020-12-04 00:29:18,020:INFO:master_model_container: 31
2020-12-04 00:29:18,020:INFO:display_container: 10
2020-12-04 00:29:18,020:INFO:<catboost.core.CatBoostClassifier object at 0x0000024CB4C7F4C0>
2020-12-04 00:29:18,021:INFO:finalize_model() succesfully completed......................................
2020-12-04 00:29:18,119:INFO:Initializing predict_model()
2020-12-04 00:29:18,119:INFO:predict_model(estimator=<catboost.core.CatBoostClassifier object at 0x0000024CB4C7F4C0>, probability_threshold=None, encoded_labels=False, round=4, verbose=True, ml_usecase=MLUsecase.CLASSIFICATION, display=None)
2020-12-04 00:29:18,119:INFO:Checking exceptions
2020-12-04 00:29:18,119:INFO:Preloading libraries
2020-12-04 00:29:18,119:INFO:Preparing display monitor
